<?xml version="1.0" encoding="UTF-8"?>
<!-- Generated by org.testng.reporters.JUnitXMLReporter -->
<testsuite hostname="Azamats-MacBook-Pro.local" ignored="0" name="Default test" tests="2" failures="0" timestamp="10 Apr 2018 00:03:20 GMT" time="14.399" errors="0">
  <testcase name="runScenario" time="8.321" classname="cucumber.api.testng.AbstractTestNGCucumberTests"/>
  <testcase name="runScenario" time="5.805" classname="cucumber.api.testng.AbstractTestNGCucumberTests"/>
</testsuite> <!-- Default test -->
